C:\Program Files\Microsoft Visual Studio\2022\Community\MSBuild\Microsoft\VC\v170\Microsoft.CppBuild.targets(514,5): warning MSB8028: The intermediate directory (x64\Debug\) contains files shared from another project (GamaProject2.vcxproj).  This can lead to incorrect clean and rebuild behavior.
  main.cpp
C:\Users\Admin\OneDrive\Рабочий стол\SFML_GAME\GamaProject2\main.cpp(314,31): warning C4244: '+=': conversion from 'double' to 'float', possible loss of data
C:\Users\Admin\OneDrive\Рабочий стол\SFML_GAME\GamaProject2\main.cpp(323,31): warning C4244: '+=': conversion from 'double' to 'float', possible loss of data
C:\Users\Admin\OneDrive\Рабочий стол\SFML_GAME\GamaProject2\main.cpp(332,31): warning C4244: '+=': conversion from 'double' to 'float', possible loss of data
C:\Users\Admin\OneDrive\Рабочий стол\SFML_GAME\GamaProject2\main.cpp(341,31): warning C4244: '+=': conversion from 'double' to 'float', possible loss of data
C:\Users\Admin\OneDrive\Рабочий стол\SFML_GAME\GamaProject2\main.cpp(351,31): warning C4244: '+=': conversion from 'double' to 'float', possible loss of data
C:\Users\Admin\OneDrive\Рабочий стол\SFML_GAME\GamaProject2\main.cpp(355,79): warning C4244: 'argument': conversion from 'double' to 'T', possible loss of data
          with
          [
              T=int
          ]
C:\Users\Admin\OneDrive\Рабочий стол\SFML_GAME\GamaProject2\main.cpp(355,67): warning C4244: 'argument': conversion from 'double' to 'T', possible loss of data
          with
          [
              T=int
          ]
C:\Users\Admin\OneDrive\Рабочий стол\SFML_GAME\GamaProject2\main.cpp(361,31): warning C4244: '+=': conversion from 'double' to 'float', possible loss of data
C:\Users\Admin\OneDrive\Рабочий стол\SFML_GAME\GamaProject2\main.cpp(365,79): warning C4244: 'argument': conversion from 'double' to 'T', possible loss of data
          with
          [
              T=int
          ]
C:\Users\Admin\OneDrive\Рабочий стол\SFML_GAME\GamaProject2\main.cpp(365,67): warning C4244: 'argument': conversion from 'double' to 'T', possible loss of data
          with
          [
              T=int
          ]
C:\Users\Admin\OneDrive\Рабочий стол\SFML_GAME\GamaProject2\main.cpp(371,31): warning C4244: '+=': conversion from 'double' to 'float', possible loss of data
C:\Users\Admin\OneDrive\Рабочий стол\SFML_GAME\GamaProject2\main.cpp(375,79): warning C4244: 'argument': conversion from 'double' to 'T', possible loss of data
          with
          [
              T=int
          ]
C:\Users\Admin\OneDrive\Рабочий стол\SFML_GAME\GamaProject2\main.cpp(375,67): warning C4244: 'argument': conversion from 'double' to 'T', possible loss of data
          with
          [
              T=int
          ]
C:\Users\Admin\OneDrive\Рабочий стол\SFML_GAME\GamaProject2\main.cpp(381,31): warning C4244: '+=': conversion from 'double' to 'float', possible loss of data
C:\Users\Admin\OneDrive\Рабочий стол\SFML_GAME\GamaProject2\main.cpp(385,79): warning C4244: 'argument': conversion from 'double' to 'T', possible loss of data
          with
          [
              T=int
          ]
C:\Users\Admin\OneDrive\Рабочий стол\SFML_GAME\GamaProject2\main.cpp(385,67): warning C4244: 'argument': conversion from 'double' to 'T', possible loss of data
          with
          [
              T=int
          ]
  GamaProject2.vcxproj -> C:\Users\Admin\OneDrive\Рабочий стол\SFML_GAME\GamaProject2\x64\Debug\GameProject2.exe
